2025-07-18 08:01:05,350 WARNING [inventory-db] Database connection failed: TIMEOUT.
buggy line here
2025-07-18 08:01:05,424 INFO [payment-service] Request to /data completed in 319ms.
2025-07-18 08:01:05,499 WARNING [payment-service] Disk space low on /opt/app.
2025-07-18 08:01:05,543 INFO [auth-service] Request to /data completed in 176ms.
2025-07-18 08:01:05,607 INFO [auth-service] Request to /data completed in 339ms.
2025-07-18 08:01:05,672 INFO [auth-service] User 'charlie' logged in from 192.168.1.91.
2025-07-18 08:01:05,718 WARNING [inventory-db] Database connection failed: CONN_REFUSED.
2025-07-18 08:01:05,764 INFO [user-api] Service 'auth-service' started successfully.
2025-07-18 08:01:05,806 INFO [user-api] User 'charlie' logged in from 192.168.1.46.
2025-07-18 08:01:05,878 WARNING [auth-service] Disk space low on /var/log.
2025-07-18 08:01:05,907 ERROR [payment-service] Service 'data-api' crashed: Segmentation fault.
2025-07-18 08:01:05,967 INFO [inventory-db] Request to /users completed in 66ms.
2025-07-18 08:01:06,018 WARNING [inventory-db] Database connection failed: CONN_REFUSED.
2025-07-18 08:01:06,088 INFO [user-api] Service 'auth-service' started successfully.
2025-07-18 08:01:06,143 INFO [auth-service] Request to /status completed in 384ms.
2025-07-18 08:01:06,197 WARNING [payment-service] Service 'db-service' crashed: NullPointerException.
2025-07-18 08:01:06,243 INFO [payment-service] User 'bob' logged in from 192.168.1.244.
2025-07-18 08:01:06,284 WARNING [user-api] Disk space low on /var/log.
2025-07-18 08:01:06,334 INFO [auth-service] User 'charlie' logged in from 192.168.1.129.
2025-07-18 08:01:06,366 WARNING [inventory-db] Service 'auth-service' crashed: Segmentation fault.
2025-07-18 08:01:06,406 INFO [inventory-db] Request to /data completed in 496ms.
2025-07-18 08:01:06,448 INFO [payment-service] Request to /status completed in 460ms.
2025-07-18 08:01:06,500 INFO [payment-service] Request to /status completed in 166ms.
2025-07-18 08:01:06,563 INFO [payment-service] Service 'data-api' started successfully.
2025-07-18 08:01:06,630 INFO [inventory-db] User 'alice' logged in from 192.168.1.108.
2025-07-18 08:01:06,672 INFO [payment-service] User 'alice' logged in from 192.168.1.182.
2025-07-18 08:01:06,730 WARNING [inventory-db] Service 'auth-service' crashed: Segmentation fault.
2025-07-18 08:01:06,785 ERROR [inventory-db] Disk space low on /opt/app.
2025-07-18 08:01:06,815 INFO [payment-service] Service 'auth-service' started successfully.
2025-07-18 08:01:06,869 INFO [inventory-db] Service 'data-api' started successfully.
2025-07-18 08:01:06,935 INFO [payment-service] Request to /users completed in 331ms.
2025-07-18 08:01:06,999 INFO [auth-service] Request to /users completed in 333ms.
2025-07-18 08:01:07,027 INFO [payment-service] User 'charlie' logged in from 192.168.1.161.
2025-07-18 08:01:07,056 INFO [payment-service] User 'bob' logged in from 192.168.1.86.
2025-07-18 08:01:07,129 WARNING [auth-service] Service 'db-service' crashed: NullPointerException.
2025-07-18 08:01:07,181 INFO [payment-service] Request to /data completed in 183ms.
2025-07-18 08:01:07,223 INFO [inventory-db] Request to /status completed in 248ms.
2025-07-18 08:01:07,265 INFO [auth-service] User 'alice' logged in from 192.168.1.37.
2025-07-18 08:01:07,337 WARNING [user-api] Disk space low on /opt/app.
2025-07-18 08:01:07,398 INFO [payment-service] Service 'auth-service' started successfully.
2025-07-18 08:01:07,469 INFO [user-api] User 'bob' logged in from 192.168.1.239.
2025-07-18 08:01:07,505 INFO [auth-service] Request to /status completed in 353ms.
2025-07-18 08:01:07,551 INFO [inventory-db] User 'bob' logged in from 192.168.1.73.
2025-07-18 08:01:07,606 INFO [user-api] User 'bob' logged in from 192.168.1.4.
2025-07-18 08:01:07,638 WARNING [payment-service] Service 'data-api' crashed: NullPointerException.
2025-07-18 08:01:07,666 WARNING [auth-service] Service 'db-service' crashed: Segmentation fault.
2025-07-18 08:01:07,695 INFO [payment-service] Service 'auth-service' started successfully.
2025-07-18 08:01:07,769 DEBUG [inventory-db] Service 'db-service' crashed: NullPointerException.
2025-07-18 08:01:07,798 INFO [payment-service] User 'bob' logged in from 192.168.1.12.
2025-07-18 08:01:07,825 WARNING [payment-service] Disk space low on /var/log.
2025-07-18 08:01:07,887 WARNING [inventory-db] Service 'auth-service' crashed: Segmentation fault.
2025-07-18 08:01:07,923 INFO [auth-service] Request to /data completed in 360ms.
2025-07-18 08:01:07,956 INFO [user-api] User 'charlie' logged in from 192.168.1.99.
2025-07-18 08:01:08,001 WARNING [auth-service] Service 'db-service' crashed: Segmentation fault.
2025-07-18 08:01:08,051 INFO [payment-service] Request to /users completed in 275ms.
2025-07-18 08:01:08,077 WARNING [payment-service] Service 'db-service' crashed: Segmentation fault.
2025-07-18 08:01:08,135 INFO [payment-service] User 'charlie' logged in from 192.168.1.79.
2025-07-18 08:01:08,200 WARNING [user-api] Service 'db-service' crashed: NullPointerException.
2025-07-18 08:01:08,239 INFO [inventory-db] Service 'data-api' started successfully.
2025-07-18 08:01:08,312 INFO [auth-service] Request to /status completed in 340ms.
2025-07-18 08:01:08,373 INFO [auth-service] Request to /data completed in 385ms.
2025-07-18 08:01:08,425 WARNING [user-api] Service 'data-api' crashed: Segmentation fault.
2025-07-18 08:01:08,455 WARNING [user-api] Disk space low on /opt/app.
2025-07-18 08:01:08,527 WARNING [auth-service] Service 'db-service' crashed: NullPointerException.
2025-07-18 08:01:08,563 INFO [auth-service] Request to /users completed in 159ms.
2025-07-18 08:01:08,617 INFO [inventory-db] Request to /users completed in 437ms.
2025-07-18 08:01:08,684 WARNING [auth-service] Service 'auth-service' crashed: NullPointerException.
2025-07-18 08:01:08,737 DEBUG [payment-service] Service 'db-service' crashed: Segmentation fault.
2025-07-18 08:01:08,784 INFO [payment-service] Request to /data completed in 457ms.
2025-07-18 08:01:08,853 WARNING [payment-service] Database connection failed: TIMEOUT.
2025-07-18 08:01:08,885 INFO [inventory-db] Service 'auth-service' started successfully.
2025-07-18 08:01:08,913 INFO [auth-service] User 'charlie' logged in from 192.168.1.17.
2025-07-18 08:01:08,988 ERROR [inventory-db] Service 'auth-service' crashed: NullPointerException.
2025-07-18 08:01:09,036 INFO [user-api] Request to /data completed in 104ms.
2025-07-18 08:01:09,083 WARNING [inventory-db] Database connection failed: CONN_REFUSED.
2025-07-18 08:01:09,120 WARNING [auth-service] Service 'auth-service' crashed: Segmentation fault.
2025-07-18 08:01:09,194 INFO [payment-service] User 'charlie' logged in from 192.168.1.214.
2025-07-18 08:01:09,264 INFO [user-api] Service 'data-api' started successfully.
2025-07-18 08:01:09,290 WARNING [auth-service] Disk space low on /opt/app.
2025-07-18 08:01:09,339 WARNING [payment-service] Disk space low on /var/log.
2025-07-18 08:01:09,397 INFO [payment-service] User 'charlie' logged in from 192.168.1.96.
2025-07-18 08:01:09,456 WARNING [user-api] Disk space low on /var/log.
2025-07-18 08:01:09,489 INFO [auth-service] Request to /users completed in 81ms.
2025-07-18 08:01:09,523 WARNING [inventory-db] Service 'auth-service' crashed: NullPointerException.
2025-07-18 08:01:09,582 INFO [payment-service] Request to /status completed in 135ms.
2025-07-18 08:01:09,646 INFO [payment-service] User 'bob' logged in from 192.168.1.62.
2025-07-18 08:01:09,702 INFO [payment-service] User 'charlie' logged in from 192.168.1.238.
2025-07-18 08:01:09,758 INFO [payment-service] Request to /data completed in 410ms.
2025-07-18 08:01:09,806 INFO [auth-service] User 'bob' logged in from 192.168.1.247.
2025-07-18 08:01:09,877 INFO [user-api] User 'alice' logged in from 192.168.1.181.
2025-07-18 08:01:09,909 INFO [auth-service] User 'alice' logged in from 192.168.1.98.
2025-07-18 08:01:09,966 INFO [inventory-db] Service 'auth-service' started successfully.
2025-07-18 08:01:10,020 ERROR [user-api] Service 'data-api' crashed: NullPointerException.
2025-07-18 08:01:10,050 INFO [user-api] User 'alice' logged in from 192.168.1.139.
2025-07-18 08:01:10,097 ERROR [inventory-db] Disk space low on /opt/app.
2025-07-18 08:01:10,150 INFO [user-api] Service 'data-api' started successfully.
2025-07-18 08:01:10,191 INFO [auth-service] Request to /status completed in 241ms.
2025-07-18 08:01:10,218 INFO [user-api] Request to /users completed in 475ms.
2025-07-18 08:01:10,284 INFO [inventory-db] User 'bob' logged in from 192.168.1.130.
2025-07-18 08:01:10,342 INFO [inventory-db] Service 'data-api' started successfully.
2025-07-18 08:01:10,380 INFO [user-api] User 'bob' logged in from 192.168.1.199.
2025-07-18 08:01:10,435 INFO [auth-service] User 'bob' logged in from 192.168.1.198.
2025-07-18 08:01:10,474 INFO [user-api] Request to /status completed in 410ms.
2025-07-18 08:01:10,521 WARNING [auth-service] Disk space low on /var/log.
2025-07-18 08:01:10,574 INFO [auth-service] User 'bob' logged in from 192.168.1.60.
2025-07-18 08:01:10,635 INFO [user-api] User 'alice' logged in from 192.168.1.207.
2025-07-18 08:01:10,674 ERROR [user-api] Database connection failed: AUTH_FAILED.
2025-07-18 08:01:10,718 INFO [inventory-db] Request to /status completed in 476ms.
2025-07-18 08:01:10,786 INFO [payment-service] User 'bob' logged in from 192.168.1.223.
2025-07-18 08:01:10,848 ERROR [payment-service] Service 'data-api' crashed: Segmentation fault.
2025-07-18 08:01:10,878 ERROR [auth-service] Database connection failed: AUTH_FAILED.
2025-07-18 08:01:10,943 WARNING [inventory-db] Database connection failed: CONN_REFUSED.
2025-07-18 08:01:11,005 WARNING [inventory-db] Service 'data-api' crashed: NullPointerException.
2025-07-18 08:01:11,031 INFO [user-api] User 'charlie' logged in from 192.168.1.44.
2025-07-18 08:01:11,071 WARNING [user-api] Database connection failed: TIMEOUT.
2025-07-18 08:01:11,145 INFO [payment-service] Service 'data-api' started successfully.
2025-07-18 08:01:11,178 INFO [payment-service] Request to /status completed in 434ms.
2025-07-18 08:01:11,247 INFO [inventory-db] Service 'auth-service' started successfully.
2025-07-18 08:01:11,294 INFO [payment-service] Service 'data-api' started successfully.
2025-07-18 08:01:11,351 INFO [payment-service] User 'alice' logged in from 192.168.1.172.
2025-07-18 08:01:11,390 INFO [user-api] User 'bob' logged in from 192.168.1.101.
2025-07-18 08:01:11,436 INFO [user-api] Request to /users completed in 50ms.
2025-07-18 08:01:11,469 INFO [auth-service] Request to /status completed in 235ms.
2025-07-18 08:01:11,522 INFO [auth-service] Service 'auth-service' started successfully.
2025-07-18 08:01:11,597 WARNING [user-api] Database connection failed: AUTH_FAILED.
2025-07-18 08:01:11,652 INFO [user-api] Service 'data-api' started successfully.
2025-07-18 08:01:11,694 WARNING [payment-service] Service 'data-api' crashed: Segmentation fault.
2025-07-18 08:01:11,763 INFO [payment-service] Service 'data-api' started successfully.
2025-07-18 08:01:11,827 INFO [user-api] Request to /status completed in 150ms.
2025-07-18 08:01:11,897 WARNING [payment-service] Database connection failed: AUTH_FAILED.
2025-07-18 08:01:11,934 INFO [inventory-db] Service 'data-api' started successfully.
2025-07-18 08:01:12,006 INFO [user-api] User 'charlie' logged in from 192.168.1.9.
2025-07-18 08:01:12,062 INFO [payment-service] User 'charlie' logged in from 192.168.1.230.
2025-07-18 08:01:12,103 INFO [payment-service] Service 'data-api' started successfully.
2025-07-18 08:01:12,162 INFO [payment-service] Request to /users completed in 207ms.
2025-07-18 08:01:12,212 ERROR [payment-service] Disk space low on /var/log.
2025-07-18 08:01:12,284 INFO [inventory-db] User 'bob' logged in from 192.168.1.170.
2025-07-18 08:01:12,356 INFO [auth-service] Request to /status completed in 500ms.
2025-07-18 08:01:12,425 INFO [payment-service] Request to /users completed in 351ms.
2025-07-18 08:01:12,478 INFO [user-api] Request to /users completed in 450ms.
2025-07-18 08:01:12,532 INFO [user-api] Request to /data completed in 149ms.
2025-07-18 08:01:12,595 INFO [user-api] Request to /users completed in 384ms.
2025-07-18 08:01:12,649 INFO [payment-service] Request to /users completed in 418ms.
2025-07-18 08:01:12,719 INFO [inventory-db] Request to /data completed in 95ms.
2025-07-18 08:01:12,772 INFO [payment-service] Request to /data completed in 304ms.
2025-07-18 08:01:12,801 INFO [user-api] Service 'data-api' started successfully.
2025-07-18 08:01:12,838 WARNING [auth-service] Disk space low on /var/log.
2025-07-18 08:01:12,899 INFO [inventory-db] Request to /status completed in 248ms.
2025-07-18 08:01:12,929 INFO [payment-service] Request to /data completed in 327ms.
2025-07-18 08:01:12,996 INFO [inventory-db] Request to /data completed in 177ms.
2025-07-18 08:01:13,055 INFO [inventory-db] Request to /status completed in 141ms.
2025-07-18 08:01:13,122 INFO [inventory-db] Service 'data-api' started successfully.
2025-07-18 08:01:13,166 INFO [auth-service] Service 'data-api' started successfully.
2025-07-18 08:01:13,226 INFO [user-api] Service 'data-api' started successfully.
2025-07-18 08:01:13,258 ERROR [user-api] Disk space low on /var/log.
2025-07-18 08:01:13,310 INFO [user-api] Request to /data completed in 174ms.
2025-07-18 08:01:13,351 WARNING [user-api] Database connection failed: CONN_REFUSED.
2025-07-18 08:01:13,402 ERROR [payment-service] Database connection failed: TIMEOUT.
2025-07-18 08:01:13,437 INFO [user-api] Service 'auth-service' started successfully.
2025-07-18 08:01:13,511 INFO [user-api] User 'alice' logged in from 192.168.1.211.
2025-07-18 08:01:13,560 INFO [user-api] User 'charlie' logged in from 192.168.1.110.
2025-07-18 08:01:13,590 INFO [auth-service] User 'charlie' logged in from 192.168.1.158.
2025-07-18 08:01:13,634 INFO [user-api] Service 'data-api' started successfully.
2025-07-18 08:01:13,707 INFO [user-api] User 'charlie' logged in from 192.168.1.82.
2025-07-18 08:01:13,780 INFO [payment-service] Service 'data-api' started successfully.
2025-07-18 08:01:13,821 INFO [payment-service] Request to /status completed in 435ms.
2025-07-18 08:01:13,868 INFO [inventory-db] User 'bob' logged in from 192.168.1.27.
2025-07-18 08:01:13,926 DEBUG [inventory-db] Disk space low on /opt/app.
2025-07-18 08:01:13,978 ERROR [inventory-db] Disk space low on /opt/app.
2025-07-18 08:01:14,028 INFO [auth-service] Request to /status completed in 248ms.
2025-07-18 08:01:14,056 INFO [payment-service] Service 'data-api' started successfully.
2025-07-18 08:01:14,119 INFO [auth-service] Service 'auth-service' started successfully.
2025-07-18 08:01:14,165 INFO [user-api] User 'bob' logged in from 192.168.1.83.
2025-07-18 08:01:14,193 WARNING [user-api] Database connection failed: TIMEOUT.
2025-07-18 08:01:14,262 ERROR [inventory-db] Service 'auth-service' crashed: Segmentation fault.
2025-07-18 08:01:14,292 INFO [inventory-db] Request to /data completed in 79ms.
2025-07-18 08:01:14,366 WARNING [inventory-db] Database connection failed: CONN_REFUSED.
2025-07-18 08:01:14,431 INFO [user-api] Request to /users completed in 227ms.
2025-07-18 08:01:14,461 INFO [inventory-db] User 'bob' logged in from 192.168.1.182.
2025-07-18 08:01:14,491 INFO [payment-service] Request to /users completed in 249ms.
2025-07-18 08:01:14,537 WARNING [user-api] Service 'db-service' crashed: Segmentation fault.
2025-07-18 08:01:14,584 INFO [payment-service] Service 'data-api' started successfully.
2025-07-18 08:01:14,639 ERROR [inventory-db] Disk space low on /var/log.
2025-07-18 08:01:14,696 INFO [payment-service] Request to /status completed in 323ms.
2025-07-18 08:01:14,758 INFO [user-api] Service 'auth-service' started successfully.
2025-07-18 08:01:14,824 INFO [inventory-db] Request to /users completed in 138ms.
2025-07-18 08:01:14,891 WARNING [auth-service] Database connection failed: CONN_REFUSED.
2025-07-18 08:01:14,918 INFO [user-api] Request to /users completed in 154ms.
2025-07-18 08:01:14,970 WARNING [user-api] Service 'auth-service' crashed: NullPointerException.
2025-07-18 08:01:15,026 INFO [auth-service] Service 'auth-service' started successfully.
2025-07-18 08:01:15,090 WARNING [auth-service] Service 'db-service' crashed: NullPointerException.
2025-07-18 08:01:15,156 WARNING [inventory-db] Database connection failed: TIMEOUT.
2025-07-18 08:01:15,196 ERROR [user-api] Database connection failed: AUTH_FAILED.
2025-07-18 08:01:15,242 INFO [user-api] Service 'data-api' started successfully.
2025-07-18 08:01:15,304 ERROR [payment-service] Service 'data-api' crashed: Segmentation fault.
2025-07-18 08:01:15,376 INFO [auth-service] Service 'data-api' started successfully.
2025-07-18 08:01:15,421 WARNING [user-api] Disk space low on /var/log.
2025-07-18 08:01:15,450 INFO [inventory-db] Service 'data-api' started successfully.
2025-07-18 08:01:15,504 INFO [inventory-db] Service 'auth-service' started successfully.
2025-07-18 08:01:15,530 INFO [user-api] Service 'data-api' started successfully.
2025-07-18 08:01:15,559 INFO [user-api] User 'charlie' logged in from 192.168.1.98.
2025-07-18 08:01:15,616 INFO [user-api] User 'bob' logged in from 192.168.1.74.
2025-07-18 08:01:15,656 DEBUG [user-api] Database connection failed: CONN_REFUSED.
2025-07-18 08:01:15,696 INFO [auth-service] Service 'auth-service' started successfully.
2025-07-18 08:01:15,728 WARNING [user-api] Database connection failed: AUTH_FAILED.
2025-07-18 08:01:15,783 INFO [user-api] Service 'data-api' started successfully.
2025-07-18 08:01:15,839 INFO [payment-service] Request to /data completed in 469ms.
2025-07-18 08:01:15,878 INFO [inventory-db] Request to /data completed in 218ms.
2025-07-18 08:01:15,924 INFO [inventory-db] Service 'auth-service' started successfully.
2025-07-18 08:01:15,998 WARNING [auth-service] Disk space low on /opt/app.
2025-07-18 08:01:16,055 ERROR [auth-service] Database connection failed: CONN_REFUSED.
2025-07-18 08:01:16,097 INFO [auth-service] User 'bob' logged in from 192.168.1.155.
2025-07-18 08:01:16,166 WARNING [user-api] Database connection failed: TIMEOUT.
2025-07-18 08:01:16,232 INFO [inventory-db] User 'charlie' logged in from 192.168.1.17.
2025-07-18 08:01:16,296 INFO [user-api] User 'charlie' logged in from 192.168.1.6.
2025-07-18 08:01:16,340 INFO [inventory-db] User 'bob' logged in from 192.168.1.72.
2025-07-18 08:01:16,386 INFO [inventory-db] Service 'auth-service' started successfully.
2025-07-18 08:01:16,425 INFO [inventory-db] Request to /users completed in 88ms.
2025-07-18 08:01:16,499 INFO [user-api] User 'alice' logged in from 192.168.1.95.
2025-07-18 08:01:16,559 WARNING [auth-service] Disk space low on /opt/app.
2025-07-18 08:01:16,593 INFO [user-api] Request to /users completed in 492ms.
2025-07-18 08:01:16,631 INFO [payment-service] Request to /status completed in 80ms.
2025-07-18 08:01:16,680 INFO [inventory-db] Request to /users completed in 327ms.
2025-07-18 08:01:16,755 INFO [payment-service] Request to /status completed in 267ms.
2025-07-18 08:01:16,819 INFO [payment-service] Request to /data completed in 346ms.
2025-07-18 08:01:16,886 INFO [user-api] Request to /status completed in 202ms.
2025-07-18 08:01:16,943 INFO [user-api] User 'charlie' logged in from 192.168.1.80.
2025-07-18 08:01:16,990 INFO [auth-service] Service 'auth-service' started successfully.
2025-07-18 08:01:17,049 INFO [user-api] User 'bob' logged in from 192.168.1.44.
2025-07-18 08:01:17,103 ERROR [payment-service] Database connection failed: CONN_REFUSED.
2025-07-18 08:01:17,143 INFO [payment-service] Service 'data-api' started successfully.
2025-07-18 08:01:17,196 WARNING [user-api] Database connection failed: TIMEOUT.
2025-07-18 08:01:17,243 WARNING [payment-service] Service 'auth-service' crashed: Segmentation fault.
2025-07-18 08:01:17,317 INFO [payment-service] Service 'data-api' started successfully.
2025-07-18 08:01:17,348 INFO [user-api] Request to /status completed in 315ms.
2025-07-18 08:01:17,405 INFO [inventory-db] Request to /data completed in 176ms.
2025-07-18 08:01:17,455 INFO [auth-service] Request to /users completed in 104ms.
2025-07-18 08:01:17,498 ERROR [payment-service] Database connection failed: TIMEOUT.
2025-07-18 08:01:17,555 INFO [inventory-db] User 'bob' logged in from 192.168.1.187.
2025-07-18 08:01:17,610 INFO [auth-service] User 'bob' logged in from 192.168.1.102.
2025-07-18 08:01:17,658 INFO [auth-service] Service 'auth-service' started successfully.
2025-07-18 08:01:17,694 INFO [inventory-db] Request to /data completed in 360ms.
2025-07-18 08:01:17,739 ERROR [auth-service] Service 'data-api' crashed: Segmentation fault.
2025-07-18 08:01:17,810 INFO [user-api] Service 'data-api' started successfully.
2025-07-18 08:01:17,875 INFO [inventory-db] User 'charlie' logged in from 192.168.1.208.
2025-07-18 08:01:17,927 INFO [payment-service] Request to /status completed in 322ms.
2025-07-18 08:01:17,982 INFO [user-api] Request to /status completed in 268ms.
2025-07-18 08:01:18,021 INFO [auth-service] Request to /status completed in 488ms.
2025-07-18 08:01:18,067 INFO [auth-service] Service 'auth-service' started successfully.
2025-07-18 08:01:18,130 INFO [payment-service] Service 'data-api' started successfully.
2025-07-18 08:01:18,167 INFO [user-api] Service 'auth-service' started successfully.
2025-07-18 08:01:18,232 ERROR [auth-service] Disk space low on /var/log.
2025-07-18 08:01:18,300 WARNING [user-api] Disk space low on /var/log.
2025-07-18 08:01:18,348 INFO [auth-service] Service 'data-api' started successfully.
2025-07-18 08:01:18,374 INFO [user-api] Service 'data-api' started successfully.
2025-07-18 08:01:18,445 INFO [inventory-db] Service 'auth-service' started successfully.
2025-07-18 08:01:18,477 ERROR [inventory-db] Service 'db-service' crashed: NullPointerException.
2025-07-18 08:01:18,504 INFO [payment-service] User 'alice' logged in from 192.168.1.82.
2025-07-18 08:01:18,573 INFO [auth-service] User 'alice' logged in from 192.168.1.110.
2025-07-18 08:01:18,601 INFO [inventory-db] Request to /users completed in 185ms.
2025-07-18 08:01:18,635 INFO [auth-service] User 'bob' logged in from 192.168.1.198.
2025-07-18 08:01:18,678 INFO [user-api] Request to /data completed in 212ms.
2025-07-18 08:01:18,709 ERROR [auth-service] Disk space low on /var/log.
2025-07-18 08:01:18,741 INFO [user-api] User 'charlie' logged in from 192.168.1.1.
2025-07-18 08:01:18,798 INFO [inventory-db] Request to /status completed in 484ms.
2025-07-18 08:01:18,829 WARNING [auth-service] Service 'data-api' crashed: Segmentation fault.
2025-07-18 08:01:18,866 INFO [inventory-db] User 'charlie' logged in from 192.168.1.125.
2025-07-18 08:01:18,897 INFO [auth-service] Request to /status completed in 434ms.
2025-07-18 08:01:18,955 INFO [payment-service] Request to /users completed in 492ms.
2025-07-18 08:01:19,020 INFO [inventory-db] User 'charlie' logged in from 192.168.1.173.
2025-07-18 08:01:19,080 INFO [user-api] Service 'data-api' started successfully.
2025-07-18 08:01:19,151 INFO [inventory-db] User 'bob' logged in from 192.168.1.211.
2025-07-18 08:01:19,210 WARNING [payment-service] Database connection failed: CONN_REFUSED.
2025-07-18 08:01:19,247 INFO [auth-service] Request to /users completed in 323ms.
2025-07-18 08:01:19,320 INFO [payment-service] User 'alice' logged in from 192.168.1.174.
2025-07-18 08:01:19,389 WARNING [user-api] Disk space low on /var/log.
2025-07-18 08:01:19,462 INFO [payment-service] User 'alice' logged in from 192.168.1.16.
2025-07-18 08:01:19,509 INFO [payment-service] User 'charlie' logged in from 192.168.1.47.
2025-07-18 08:01:19,544 INFO [auth-service] Request to /status completed in 268ms.
2025-07-18 08:01:19,570 INFO [payment-service] User 'charlie' logged in from 192.168.1.34.
2025-07-18 08:01:19,630 WARNING [user-api] Disk space low on /var/log.
2025-07-18 08:01:19,671 INFO [payment-service] Request to /status completed in 369ms.
2025-07-18 08:01:19,712 INFO [inventory-db] Request to /data completed in 363ms.
2025-07-18 08:01:19,774 INFO [auth-service] Service 'data-api' started successfully.
2025-07-18 08:01:19,834 INFO [inventory-db] Request to /users completed in 252ms.
2025-07-18 08:01:19,860 INFO [payment-service] Request to /users completed in 374ms.
2025-07-18 08:01:19,931 INFO [payment-service] Service 'data-api' started successfully.
2025-07-18 08:01:19,984 INFO [auth-service] Request to /status completed in 497ms.
2025-07-18 08:01:20,058 ERROR [user-api] Database connection failed: CONN_REFUSED.
2025-07-18 08:01:20,126 WARNING [user-api] Database connection failed: AUTH_FAILED.
2025-07-18 08:01:20,179 ERROR [auth-service] Disk space low on /opt/app.
2025-07-18 08:01:20,206 INFO [payment-service] User 'alice' logged in from 192.168.1.12.
2025-07-18 08:01:20,248 INFO [payment-service] Service 'auth-service' started successfully.
2025-07-18 08:01:20,315 WARNING [user-api] Service 'auth-service' crashed: Segmentation fault.
2025-07-18 08:01:20,376 INFO [user-api] Service 'data-api' started successfully.
2025-07-18 08:01:20,416 INFO [payment-service] User 'alice' logged in from 192.168.1.70.
2025-07-18 08:01:20,473 INFO [user-api] Service 'data-api' started successfully.
2025-07-18 08:01:20,524 INFO [payment-service] Request to /data completed in 121ms.
2025-07-18 08:01:20,593 INFO [user-api] User 'alice' logged in from 192.168.1.197.
2025-07-18 08:01:20,657 INFO [payment-service] Request to /status completed in 147ms.
2025-07-18 08:01:20,686 WARNING [user-api] Service 'auth-service' crashed: NullPointerException.
2025-07-18 08:01:20,760 INFO [user-api] Service 'auth-service' started successfully.
2025-07-18 08:01:20,807 INFO [auth-service] User 'alice' logged in from 192.168.1.115.
2025-07-18 08:01:20,832 INFO [auth-service] Request to /data completed in 174ms.
2025-07-18 08:01:20,866 INFO [inventory-db] Request to /data completed in 490ms.
2025-07-18 08:01:20,903 INFO [auth-service] Request to /data completed in 63ms.
2025-07-18 08:01:20,956 DEBUG [inventory-db] Disk space low on /opt/app.
2025-07-18 08:01:21,014 WARNING [auth-service] Disk space low on /var/log.
2025-07-18 08:01:21,077 WARNING [auth-service] Database connection failed: AUTH_FAILED.
2025-07-18 08:01:21,105 INFO [inventory-db] Service 'data-api' started successfully.
2025-07-18 08:01:21,135 WARNING [user-api] Disk space low on /opt/app.
2025-07-18 08:01:21,177 INFO [auth-service] Request to /users completed in 164ms.
2025-07-18 08:01:21,219 INFO [auth-service] Request to /users completed in 256ms.
2025-07-18 08:01:21,270 INFO [user-api] Request to /data completed in 288ms.
2025-07-18 08:01:21,319 INFO [user-api] Service 'auth-service' started successfully.
2025-07-18 08:01:21,360 INFO [payment-service] Request to /status completed in 330ms.
2025-07-18 08:01:21,434 INFO [user-api] Request to /users completed in 450ms.
2025-07-18 08:01:21,496 INFO [payment-service] User 'bob' logged in from 192.168.1.43.
2025-07-18 08:01:21,527 INFO [user-api] Service 'auth-service' started successfully.
2025-07-18 08:01:21,597 INFO [user-api] Service 'auth-service' started successfully.
2025-07-18 08:01:21,661 INFO [user-api] Service 'data-api' started successfully.
2025-07-18 08:01:21,688 INFO [auth-service] User 'alice' logged in from 192.168.1.193.
2025-07-18 08:01:21,722 INFO [auth-service] User 'alice' logged in from 192.168.1.205.
2025-07-18 08:01:21,793 INFO [payment-service] Request to /users completed in 106ms.
2025-07-18 08:01:21,857 WARNING [auth-service] Database connection failed: AUTH_FAILED.
2025-07-18 08:01:21,884 INFO [user-api] Request to /data completed in 167ms.
2025-07-18 08:01:21,923 INFO [user-api] User 'alice' logged in from 192.168.1.227.
2025-07-18 08:01:21,991 INFO [user-api] Service 'data-api' started successfully.
2025-07-18 08:01:22,039 INFO [user-api] Request to /data completed in 123ms.
2025-07-18 08:01:22,109 ERROR [inventory-db] Service 'auth-service' crashed: Segmentation fault.
2025-07-18 08:01:22,182 WARNING [inventory-db] Disk space low on /var/log.
2025-07-18 08:01:22,244 INFO [inventory-db] User 'charlie' logged in from 192.168.1.123.
2025-07-18 08:01:22,284 INFO [auth-service] Request to /data completed in 289ms.
2025-07-18 08:01:22,312 INFO [payment-service] Request to /users completed in 196ms.
2025-07-18 08:01:22,374 INFO [user-api] Service 'auth-service' started successfully.
2025-07-18 08:01:22,414 INFO [user-api] Request to /status completed in 285ms.
2025-07-18 08:01:22,468 INFO [auth-service] Service 'data-api' started successfully.
2025-07-18 08:01:22,516 WARNING [user-api] Disk space low on /opt/app.
2025-07-18 08:01:22,566 INFO [auth-service] User 'charlie' logged in from 192.168.1.227.
2025-07-18 08:01:22,638 WARNING [user-api] Service 'db-service' crashed: NullPointerException.
2025-07-18 08:01:22,697 INFO [auth-service] Request to /users completed in 107ms.
2025-07-18 08:01:22,758 INFO [inventory-db] Service 'auth-service' started successfully.
2025-07-18 08:01:22,814 ERROR [user-api] Database connection failed: TIMEOUT.
2025-07-18 08:01:22,879 INFO [user-api] Service 'data-api' started successfully.
2025-07-18 08:01:22,950 INFO [auth-service] Request to /users completed in 312ms.
2025-07-18 08:01:23,001 INFO [payment-service] Request to /users completed in 356ms.
2025-07-18 08:01:23,051 INFO [user-api] Service 'auth-service' started successfully.
2025-07-18 08:01:23,091 INFO [payment-service] Service 'data-api' started successfully.
2025-07-18 08:01:23,160 INFO [inventory-db] User 'charlie' logged in from 192.168.1.205.
2025-07-18 08:01:23,221 INFO [user-api] Request to /data completed in 485ms.
2025-07-18 08:01:23,288 WARNING [inventory-db] Service 'auth-service' crashed: NullPointerException.
2025-07-18 08:01:23,363 WARNING [user-api] Database connection failed: TIMEOUT.
2025-07-18 08:01:23,427 WARNING [user-api] Service 'auth-service' crashed: NullPointerException.
2025-07-18 08:01:23,472 INFO [user-api] Request to /status completed in 283ms.
2025-07-18 08:01:23,509 WARNING [inventory-db] Service 'db-service' crashed: NullPointerException.
2025-07-18 08:01:23,576 INFO [user-api] User 'bob' logged in from 192.168.1.238.
2025-07-18 08:01:23,604 INFO [payment-service] Service 'data-api' started successfully.
2025-07-18 08:01:23,637 INFO [auth-service] Request to /data completed in 343ms.
2025-07-18 08:01:23,705 INFO [payment-service] Request to /status completed in 295ms.
2025-07-18 08:01:23,737 INFO [payment-service] Request to /data completed in 483ms.
2025-07-18 08:01:23,812 INFO [user-api] User 'charlie' logged in from 192.168.1.114.
2025-07-18 08:01:23,884 INFO [inventory-db] User 'alice' logged in from 192.168.1.117.
2025-07-18 08:01:23,957 INFO [inventory-db] User 'bob' logged in from 192.168.1.228.
2025-07-18 08:01:23,999 WARNING [auth-service] Database connection failed: CONN_REFUSED.
2025-07-18 08:01:24,028 INFO [payment-service] User 'bob' logged in from 192.168.1.128.
2025-07-18 08:01:24,072 INFO [payment-service] User 'bob' logged in from 192.168.1.101.
2025-07-18 08:01:24,133 INFO [auth-service] Request to /users completed in 328ms.
2025-07-18 08:01:24,190 INFO [auth-service] Service 'data-api' started successfully.
2025-07-18 08:01:24,233 INFO [auth-service] Request to /data completed in 457ms.
2025-07-18 08:01:24,265 INFO [payment-service] User 'alice' logged in from 192.168.1.189.
2025-07-18 08:01:24,294 INFO [payment-service] Request to /data completed in 343ms.
2025-07-18 08:01:24,323 INFO [payment-service] Service 'auth-service' started successfully.
2025-07-18 08:01:24,351 WARNING [inventory-db] Database connection failed: TIMEOUT.
2025-07-18 08:01:24,396 INFO [payment-service] Service 'data-api' started successfully.
2025-07-18 08:01:24,459 ERROR [payment-service] Disk space low on /opt/app.
2025-07-18 08:01:24,518 INFO [user-api] User 'bob' logged in from 192.168.1.238.
2025-07-18 08:01:24,580 WARNING [inventory-db] Disk space low on /var/log.
2025-07-18 08:01:24,636 INFO [user-api] User 'bob' logged in from 192.168.1.128.
2025-07-18 08:01:24,664 INFO [auth-service] User 'bob' logged in from 192.168.1.193.
2025-07-18 08:01:24,739 INFO [user-api] Service 'data-api' started successfully.
2025-07-18 08:01:24,767 INFO [user-api] Request to /users completed in 430ms.
2025-07-18 08:01:24,796 INFO [payment-service] User 'bob' logged in from 192.168.1.113.
2025-07-18 08:01:24,847 WARNING [payment-service] Database connection failed: CONN_REFUSED.
2025-07-18 08:01:24,893 ERROR [payment-service] Database connection failed: CONN_REFUSED.
2025-07-18 08:01:24,958 INFO [payment-service] User 'alice' logged in from 192.168.1.191.
2025-07-18 08:01:24,997 INFO [inventory-db] User 'alice' logged in from 192.168.1.28.
2025-07-18 08:01:25,067 INFO [payment-service] Service 'auth-service' started successfully.
2025-07-18 08:01:25,122 WARNING [auth-service] Disk space low on /var/log.
2025-07-18 08:01:25,168 INFO [user-api] Request to /status completed in 294ms.
2025-07-18 08:01:25,219 INFO [user-api] User 'charlie' logged in from 192.168.1.187.
2025-07-18 08:01:25,247 INFO [auth-service] Service 'auth-service' started successfully.
2025-07-18 08:01:25,279 INFO [inventory-db] User 'bob' logged in from 192.168.1.190.
2025-07-18 08:01:25,347 WARNING [inventory-db] Database connection failed: AUTH_FAILED.
2025-07-18 08:01:25,417 INFO [auth-service] User 'charlie' logged in from 192.168.1.175.
2025-07-18 08:01:25,453 ERROR [payment-service] Disk space low on /var/log.
2025-07-18 08:01:25,486 INFO [user-api] User 'bob' logged in from 192.168.1.114.
2025-07-18 08:01:25,528 INFO [auth-service] Service 'data-api' started successfully.
2025-07-18 08:01:25,581 INFO [inventory-db] Request to /users completed in 217ms.
2025-07-18 08:01:25,627 WARNING [auth-service] Service 'auth-service' crashed: Segmentation fault.
2025-07-18 08:01:25,676 WARNING [payment-service] Disk space low on /opt/app.
2025-07-18 08:01:25,727 INFO [inventory-db] User 'charlie' logged in from 192.168.1.134.
2025-07-18 08:01:25,786 INFO [auth-service] Request to /users completed in 78ms.
2025-07-18 08:01:25,851 WARNING [inventory-db] Database connection failed: AUTH_FAILED.
2025-07-18 08:01:25,896 INFO [payment-service] User 'alice' logged in from 192.168.1.2.
2025-07-18 08:01:25,966 INFO [inventory-db] User 'charlie' logged in from 192.168.1.73.
2025-07-18 08:01:25,993 INFO [payment-service] Request to /users completed in 286ms.
2025-07-18 08:01:26,059 DEBUG [payment-service] Service 'data-api' crashed: Segmentation fault.
2025-07-18 08:01:26,132 INFO [user-api] Request to /data completed in 277ms.
2025-07-18 08:01:26,201 WARNING [user-api] Disk space low on /var/log.
2025-07-18 08:01:26,260 INFO [user-api] Request to /data completed in 82ms.
2025-07-18 08:01:26,329 INFO [auth-service] Service 'auth-service' started successfully.
2025-07-18 08:01:26,373 DEBUG [user-api] Service 'auth-service' crashed: Segmentation fault.
2025-07-18 08:01:26,415 WARNING [user-api] Database connection failed: TIMEOUT.
2025-07-18 08:01:26,443 INFO [user-api] Request to /status completed in 466ms.
2025-07-18 08:01:26,505 INFO [user-api] User 'alice' logged in from 192.168.1.239.
2025-07-18 08:01:26,561 INFO [payment-service] User 'charlie' logged in from 192.168.1.67.
2025-07-18 08:01:26,617 INFO [user-api] User 'bob' logged in from 192.168.1.199.
2025-07-18 08:01:26,681 WARNING [payment-service] Database connection failed: TIMEOUT.
2025-07-18 08:01:26,720 INFO [inventory-db] Request to /status completed in 115ms.
2025-07-18 08:01:26,770 INFO [payment-service] Service 'auth-service' started successfully.
2025-07-18 08:01:26,818 INFO [inventory-db] User 'charlie' logged in from 192.168.1.81.
2025-07-18 08:01:26,872 INFO [payment-service] Service 'data-api' started successfully.
2025-07-18 08:01:26,907 WARNING [user-api] Service 'data-api' crashed: NullPointerException.
2025-07-18 08:01:26,962 WARNING [auth-service] Database connection failed: TIMEOUT.
2025-07-18 08:01:26,996 WARNING [inventory-db] Disk space low on /opt/app.
2025-07-18 08:01:27,039 WARNING [user-api] Database connection failed: CONN_REFUSED.
2025-07-18 08:01:27,085 ERROR [auth-service] Database connection failed: CONN_REFUSED.
2025-07-18 08:01:27,139 INFO [auth-service] Request to /users completed in 72ms.
2025-07-18 08:01:27,190 INFO [auth-service] Request to /data completed in 159ms.
2025-07-18 08:01:27,222 INFO [user-api] User 'bob' logged in from 192.168.1.116.
2025-07-18 08:01:27,280 INFO [auth-service] User 'charlie' logged in from 192.168.1.6.
2025-07-18 08:01:27,310 INFO [inventory-db] Request to /users completed in 165ms.
2025-07-18 08:01:27,351 INFO [payment-service] Service 'auth-service' started successfully.
2025-07-18 08:01:27,384 INFO [payment-service] User 'charlie' logged in from 192.168.1.239.
2025-07-18 08:01:27,410 INFO [inventory-db] User 'alice' logged in from 192.168.1.178.
2025-07-18 08:01:27,454 INFO [auth-service] Request to /users completed in 429ms.
2025-07-18 08:01:27,481 INFO [auth-service] Request to /status completed in 231ms.
2025-07-18 08:01:27,553 INFO [inventory-db] Request to /data completed in 163ms.
2025-07-18 08:01:27,593 INFO [payment-service] Request to /data completed in 90ms.
2025-07-18 08:01:27,647 INFO [auth-service] User 'bob' logged in from 192.168.1.155.
2025-07-18 08:01:27,699 INFO [inventory-db] Service 'data-api' started successfully.
2025-07-18 08:01:27,747 INFO [auth-service] Request to /data completed in 279ms.
2025-07-18 08:01:27,797 WARNING [inventory-db] Service 'data-api' crashed: Segmentation fault.
2025-07-18 08:01:27,837 ERROR [payment-service] Service 'data-api' crashed: NullPointerException.
2025-07-18 08:01:27,908 ERROR [user-api] Database connection failed: TIMEOUT.
2025-07-18 08:01:27,980 WARNING [auth-service] Disk space low on /var/log.
2025-07-18 08:01:28,054 INFO [auth-service] Request to /data completed in 393ms.
2025-07-18 08:01:28,092 INFO [auth-service] User 'alice' logged in from 192.168.1.93.
2025-07-18 08:01:28,134 WARNING [user-api] Disk space low on /opt/app.
2025-07-18 08:01:28,169 WARNING [auth-service] Disk space low on /var/log.
2025-07-18 08:01:28,240 INFO [user-api] Service 'auth-service' started successfully.
2025-07-18 08:01:28,302 INFO [payment-service] User 'alice' logged in from 192.168.1.42.
2025-07-18 08:01:28,335 INFO [payment-service] Request to /users completed in 172ms.
2025-07-18 08:01:28,386 WARNING [auth-service] Disk space low on /opt/app.
2025-07-18 08:01:28,415 WARNING [payment-service] Database connection failed: TIMEOUT.
2025-07-18 08:01:28,487 INFO [payment-service] Request to /data completed in 93ms.
2025-07-18 08:01:28,525 WARNING [inventory-db] Disk space low on /var/log.
2025-07-18 08:01:28,581 INFO [user-api] Request to /data completed in 361ms.
2025-07-18 08:01:28,622 WARNING [inventory-db] Service 'data-api' crashed: Segmentation fault.
2025-07-18 08:01:28,673 INFO [inventory-db] User 'charlie' logged in from 192.168.1.32.
2025-07-18 08:01:28,720 INFO [payment-service] Request to /users completed in 107ms.
2025-07-18 08:01:28,763 INFO [auth-service] Request to /status completed in 473ms.
2025-07-18 08:01:28,796 INFO [inventory-db] Request to /status completed in 356ms.
2025-07-18 08:01:28,834 INFO [payment-service] Service 'data-api' started successfully.
2025-07-18 08:01:28,899 WARNING [payment-service] Database connection failed: CONN_REFUSED.
2025-07-18 08:01:28,938 INFO [user-api] Service 'data-api' started successfully.
2025-07-18 08:01:28,974 INFO [user-api] User 'bob' logged in from 192.168.1.182.
2025-07-18 08:01:29,032 WARNING [user-api] Disk space low on /opt/app.
2025-07-18 08:01:29,090 INFO [auth-service] Request to /data completed in 235ms.
2025-07-18 08:01:29,133 INFO [payment-service] User 'charlie' logged in from 192.168.1.3.
2025-07-18 08:01:29,164 INFO [inventory-db] User 'charlie' logged in from 192.168.1.130.
2025-07-18 08:01:29,230 INFO [payment-service] Request to /users completed in 409ms.
2025-07-18 08:01:29,285 INFO [inventory-db] Request to /status completed in 118ms.
2025-07-18 08:01:29,337 WARNING [payment-service] Service 'db-service' crashed: Segmentation fault.
2025-07-18 08:01:29,377 INFO [payment-service] Request to /status completed in 169ms.
2025-07-18 08:01:29,418 INFO [auth-service] Service 'auth-service' started successfully.
2025-07-18 08:01:29,489 ERROR [inventory-db] Disk space low on /opt/app.
2025-07-18 08:01:29,515 WARNING [payment-service] Database connection failed: TIMEOUT.
2025-07-18 08:01:29,543 INFO [inventory-db] Request to /status completed in 146ms.
2025-07-18 08:01:29,596 ERROR [inventory-db] Database connection failed: AUTH_FAILED.
2025-07-18 08:01:29,667 INFO [inventory-db] Service 'data-api' started successfully.
2025-07-18 08:01:29,697 INFO [auth-service] Service 'auth-service' started successfully.
2025-07-18 08:01:29,764 INFO [auth-service] User 'charlie' logged in from 192.168.1.179.
2025-07-18 08:01:29,823 INFO [payment-service] User 'bob' logged in from 192.168.1.186.
2025-07-18 08:01:29,864 WARNING [inventory-db] Service 'db-service' crashed: NullPointerException.
2025-07-18 08:01:29,913 WARNING [auth-service] Disk space low on /opt/app.
2025-07-18 08:01:29,971 WARNING [user-api] Disk space low on /opt/app.
2025-07-18 08:01:30,021 INFO [auth-service] Service 'data-api' started successfully.
2025-07-18 08:01:30,078 INFO [inventory-db] Request to /data completed in 437ms.
2025-07-18 08:01:30,130 INFO [user-api] Request to /status completed in 388ms.
2025-07-18 08:01:30,167 INFO [inventory-db] Service 'data-api' started successfully.
2025-07-18 08:01:30,206 INFO [auth-service] User 'bob' logged in from 192.168.1.231.
2025-07-18 08:01:30,256 INFO [auth-service] User 'charlie' logged in from 192.168.1.81.
2025-07-18 08:01:30,328 INFO [auth-service] Request to /status completed in 264ms.
2025-07-18 08:01:30,364 INFO [auth-service] Request to /status completed in 179ms.
2025-07-18 08:01:30,434 INFO [user-api] Service 'data-api' started successfully.
2025-07-18 08:01:30,494 WARNING [auth-service] Database connection failed: AUTH_FAILED.
2025-07-18 08:01:30,551 INFO [auth-service] Request to /status completed in 496ms.
2025-07-18 08:01:30,587 INFO [user-api] User 'charlie' logged in from 192.168.1.8.
2025-07-18 08:01:30,614 WARNING [inventory-db] Disk space low on /opt/app.
2025-07-18 08:01:30,669 INFO [auth-service] Service 'data-api' started successfully.
2025-07-18 08:01:30,701 INFO [payment-service] Service 'auth-service' started successfully.
2025-07-18 08:01:30,730 INFO [payment-service] User 'bob' logged in from 192.168.1.253.
2025-07-18 08:01:30,758 INFO [payment-service] Service 'data-api' started successfully.
2025-07-18 08:01:30,828 WARNING [payment-service] Disk space low on /opt/app.
2025-07-18 08:01:30,898 INFO [auth-service] User 'charlie' logged in from 192.168.1.3.
2025-07-18 08:01:30,939 INFO [payment-service] Service 'auth-service' started successfully.
2025-07-18 08:01:30,985 WARNING [payment-service] Service 'data-api' crashed: NullPointerException.
2025-07-18 08:01:31,038 INFO [inventory-db] User 'charlie' logged in from 192.168.1.13.
2025-07-18 08:01:31,111 WARNING [payment-service] Disk space low on /var/log.
2025-07-18 08:01:31,157 WARNING [auth-service] Service 'auth-service' crashed: Segmentation fault.
2025-07-18 08:01:31,225 INFO [payment-service] Service 'auth-service' started successfully.
2025-07-18 08:01:31,252 INFO [auth-service] Service 'auth-service' started successfully.
2025-07-18 08:01:31,312 ERROR [user-api] Database connection failed: CONN_REFUSED.
2025-07-18 08:01:31,353 INFO [user-api] Request to /data completed in 405ms.
2025-07-18 08:01:31,399 INFO [user-api] Request to /data completed in 69ms.
2025-07-18 08:01:31,434 INFO [payment-service] Request to /data completed in 387ms.
2025-07-18 08:01:31,492 INFO [user-api] Service 'data-api' started successfully.
2025-07-18 08:01:31,543 INFO [inventory-db] User 'charlie' logged in from 192.168.1.231.
2025-07-18 08:01:31,577 INFO [payment-service] Request to /status completed in 324ms.
2025-07-18 08:01:31,622 ERROR [payment-service] Disk space low on /opt/app.
2025-07-18 08:01:31,659 WARNING [payment-service] Disk space low on /opt/app.
2025-07-18 08:01:31,731 INFO [payment-service] Service 'data-api' started successfully.
2025-07-18 08:01:31,802 WARNING [inventory-db] Database connection failed: CONN_REFUSED.
2025-07-18 08:01:31,827 INFO [payment-service] Service 'data-api' started successfully.
2025-07-18 08:01:31,865 WARNING [user-api] Service 'db-service' crashed: NullPointerException.
2025-07-18 08:01:31,910 INFO [user-api] Service 'data-api' started successfully.
2025-07-18 08:01:31,940 INFO [auth-service] Service 'auth-service' started successfully.
2025-07-18 08:01:32,013 INFO [user-api] User 'bob' logged in from 192.168.1.166.
2025-07-18 08:01:32,059 INFO [auth-service] Service 'auth-service' started successfully.
2025-07-18 08:01:32,099 ERROR [auth-service] Database connection failed: CONN_REFUSED.
2025-07-18 08:01:32,142 WARNING [payment-service] Database connection failed: AUTH_FAILED.
2025-07-18 08:01:32,169 INFO [inventory-db] User 'alice' logged in from 192.168.1.199.
2025-07-18 08:01:32,206 INFO [user-api] User 'alice' logged in from 192.168.1.201.
2025-07-18 08:01:32,274 INFO [user-api] User 'bob' logged in from 192.168.1.162.
2025-07-18 08:01:32,305 INFO [inventory-db] Service 'data-api' started successfully.
2025-07-18 08:01:32,367 INFO [payment-service] Request to /status completed in 275ms.
2025-07-18 08:01:32,398 INFO [payment-service] Request to /users completed in 222ms.
2025-07-18 08:01:32,425 INFO [payment-service] Service 'data-api' started successfully.
2025-07-18 08:01:32,491 INFO [user-api] User 'bob' logged in from 192.168.1.252.
2025-07-18 08:01:32,530 ERROR [inventory-db] Disk space low on /opt/app.
2025-07-18 08:01:32,593 INFO [payment-service] Request to /users completed in 471ms.
2025-07-18 08:01:32,665 INFO [auth-service] Request to /users completed in 223ms.
2025-07-18 08:01:32,708 INFO [payment-service] Request to /data completed in 431ms.
2025-07-18 08:01:32,749 INFO [auth-service] User 'charlie' logged in from 192.168.1.17.
2025-07-18 08:01:32,802 WARNING [payment-service] Database connection failed: AUTH_FAILED.
2025-07-18 08:01:32,868 INFO [payment-service] Request to /status completed in 490ms.
2025-07-18 08:01:32,943 INFO [user-api] Request to /status completed in 172ms.
2025-07-18 08:01:32,980 ERROR [user-api] Disk space low on /opt/app.
2025-07-18 08:01:33,025 INFO [payment-service] Service 'data-api' started successfully.
2025-07-18 08:01:33,093 WARNING [inventory-db] Disk space low on /var/log.
2025-07-18 08:01:33,134 WARNING [user-api] Database connection failed: TIMEOUT.
2025-07-18 08:01:33,162 INFO [user-api] User 'bob' logged in from 192.168.1.254.
2025-07-18 08:01:33,210 INFO [user-api] User 'alice' logged in from 192.168.1.36.
2025-07-18 08:01:33,243 INFO [inventory-db] Request to /users completed in 210ms.
2025-07-18 08:01:33,278 WARNING [inventory-db] Database connection failed: CONN_REFUSED.
2025-07-18 08:01:33,317 ERROR [payment-service] Service 'auth-service' crashed: NullPointerException.
2025-07-18 08:01:33,344 INFO [user-api] Service 'auth-service' started successfully.
2025-07-18 08:01:33,397 INFO [payment-service] Service 'auth-service' started successfully.
2025-07-18 08:01:33,468 INFO [inventory-db] Request to /data completed in 314ms.
2025-07-18 08:01:33,541 WARNING [payment-service] Database connection failed: TIMEOUT.
2025-07-18 08:01:33,609 WARNING [payment-service] Disk space low on /opt/app.
2025-07-18 08:01:33,654 INFO [user-api] Request to /data completed in 310ms.
2025-07-18 08:01:33,705 INFO [payment-service] Request to /status completed in 425ms.
2025-07-18 08:01:33,772 INFO [inventory-db] Service 'data-api' started successfully.
2025-07-18 08:01:33,840 INFO [payment-service] Service 'auth-service' started successfully.
2025-07-18 08:01:33,914 INFO [auth-service] Request to /users completed in 367ms.
2025-07-18 08:01:33,950 INFO [user-api] User 'charlie' logged in from 192.168.1.200.
2025-07-18 08:01:33,994 WARNING [auth-service] Disk space low on /var/log.
2025-07-18 08:01:34,053 INFO [payment-service] Request to /status completed in 415ms.
2025-07-18 08:01:34,121 INFO [user-api] User 'bob' logged in from 192.168.1.183.
2025-07-18 08:01:34,186 ERROR [user-api] Service 'auth-service' crashed: Segmentation fault.
2025-07-18 08:01:34,257 INFO [auth-service] User 'charlie' logged in from 192.168.1.229.
2025-07-18 08:01:34,290 INFO [payment-service] Request to /data completed in 400ms.
2025-07-18 08:01:34,335 INFO [user-api] Service 'auth-service' started successfully.
2025-07-18 08:01:34,380 INFO [auth-service] Service 'auth-service' started successfully.
2025-07-18 08:01:34,412 INFO [inventory-db] Request to /data completed in 357ms.
2025-07-18 08:01:34,471 INFO [user-api] Request to /data completed in 113ms.
2025-07-18 08:01:34,528 INFO [inventory-db] Service 'data-api' started successfully.
2025-07-18 08:01:34,572 WARNING [payment-service] Database connection failed: AUTH_FAILED.
2025-07-18 08:01:34,642 INFO [user-api] User 'bob' logged in from 192.168.1.45.
2025-07-18 08:01:34,670 INFO [payment-service] Service 'data-api' started successfully.
2025-07-18 08:01:34,727 ERROR [auth-service] Disk space low on /var/log.
2025-07-18 08:01:34,772 INFO [auth-service] User 'bob' logged in from 192.168.1.100.
2025-07-18 08:01:34,836 INFO [user-api] Request to /status completed in 478ms.
2025-07-18 08:01:34,905 WARNING [auth-service] Disk space low on /var/log.
2025-07-18 08:01:34,961 INFO [auth-service] Request to /status completed in 335ms.
2025-07-18 08:01:34,989 WARNING [user-api] Service 'auth-service' crashed: Segmentation fault.
2025-07-18 08:01:35,044 INFO [inventory-db] Request to /status completed in 241ms.
2025-07-18 08:01:35,100 INFO [user-api] Service 'auth-service' started successfully.
2025-07-18 08:01:35,134 WARNING [user-api] Service 'auth-service' crashed: NullPointerException.
2025-07-18 08:01:35,183 INFO [user-api] Request to /status completed in 229ms.
2025-07-18 08:01:35,212 WARNING [auth-service] Disk space low on /var/log.
2025-07-18 08:01:35,251 INFO [user-api] Request to /status completed in 87ms.
2025-07-18 08:01:35,288 INFO [user-api] Service 'data-api' started successfully.
2025-07-18 08:01:35,341 INFO [user-api] User 'charlie' logged in from 192.168.1.19.
2025-07-18 08:01:35,393 INFO [payment-service] User 'alice' logged in from 192.168.1.97.
2025-07-18 08:01:35,426 INFO [user-api] Service 'auth-service' started successfully.
2025-07-18 08:01:35,481 INFO [inventory-db] Request to /data completed in 175ms.
2025-07-18 08:01:35,522 ERROR [inventory-db] Database connection failed: CONN_REFUSED.
2025-07-18 08:01:35,556 INFO [auth-service] Service 'data-api' started successfully.
2025-07-18 08:01:35,592 INFO [inventory-db] Service 'auth-service' started successfully.
2025-07-18 08:01:35,638 INFO [user-api] Service 'data-api' started successfully.
2025-07-18 08:01:35,710 INFO [inventory-db] Request to /users completed in 131ms.
2025-07-18 08:01:35,741 WARNING [user-api] Disk space low on /var/log.
2025-07-18 08:01:35,776 INFO [user-api] Request to /status completed in 348ms.
2025-07-18 08:01:35,850 INFO [payment-service] Service 'data-api' started successfully.
2025-07-18 08:01:35,883 INFO [auth-service] User 'alice' logged in from 192.168.1.116.
2025-07-18 08:01:35,947 INFO [user-api] Service 'data-api' started successfully.
2025-07-18 08:01:36,015 WARNING [auth-service] Disk space low on /var/log.
2025-07-18 08:01:36,063 ERROR [inventory-db] Database connection failed: AUTH_FAILED.
2025-07-18 08:01:36,109 WARNING [payment-service] Disk space low on /opt/app.
2025-07-18 08:01:36,155 INFO [auth-service] Request to /status completed in 451ms.
2025-07-18 08:01:36,211 INFO [user-api] User 'charlie' logged in from 192.168.1.253.
2025-07-18 08:01:36,237 ERROR [user-api] Database connection failed: CONN_REFUSED.
2025-07-18 08:01:36,294 INFO [auth-service] Service 'auth-service' started successfully.
2025-07-18 08:01:36,369 INFO [auth-service] Service 'data-api' started successfully.
2025-07-18 08:01:36,427 WARNING [payment-service] Service 'db-service' crashed: Segmentation fault.
2025-07-18 08:01:36,478 INFO [inventory-db] User 'bob' logged in from 192.168.1.173.
2025-07-18 08:01:36,524 WARNING [payment-service] Database connection failed: CONN_REFUSED.
2025-07-18 08:01:36,595 WARNING [auth-service] Disk space low on /var/log.
2025-07-18 08:01:36,630 INFO [payment-service] Request to /status completed in 371ms.
2025-07-18 08:01:36,703 INFO [auth-service] Request to /data completed in 403ms.
2025-07-18 08:01:36,758 WARNING [payment-service] Service 'auth-service' crashed: NullPointerException.
2025-07-18 08:01:36,815 WARNING [auth-service] Service 'auth-service' crashed: NullPointerException.
2025-07-18 08:01:36,845 ERROR [payment-service] Service 'auth-service' crashed: Segmentation fault.
2025-07-18 08:01:36,904 INFO [payment-service] User 'bob' logged in from 192.168.1.12.
2025-07-18 08:01:36,968 ERROR [user-api] Database connection failed: CONN_REFUSED.
2025-07-18 08:01:37,023 WARNING [auth-service] Disk space low on /var/log.
2025-07-18 08:01:37,049 INFO [inventory-db] Request to /users completed in 473ms.
2025-07-18 08:01:37,099 INFO [payment-service] User 'alice' logged in from 192.168.1.31.
2025-07-18 08:01:37,143 INFO [auth-service] Service 'auth-service' started successfully.
2025-07-18 08:01:37,182 WARNING [payment-service] Disk space low on /opt/app.
2025-07-18 08:01:37,257 INFO [user-api] User 'bob' logged in from 192.168.1.95.
2025-07-18 08:01:37,288 WARNING [payment-service] Service 'data-api' crashed: NullPointerException.
2025-07-18 08:01:37,357 INFO [user-api] User 'charlie' logged in from 192.168.1.117.
2025-07-18 08:01:37,423 INFO [payment-service] User 'charlie' logged in from 192.168.1.254.
2025-07-18 08:01:37,493 INFO [user-api] Request to /users completed in 264ms.
2025-07-18 08:01:37,535 INFO [auth-service] Request to /users completed in 245ms.
2025-07-18 08:01:37,597 INFO [user-api] User 'bob' logged in from 192.168.1.9.
2025-07-18 08:01:37,655 INFO [user-api] Service 'auth-service' started successfully.
2025-07-18 08:01:37,687 INFO [user-api] User 'charlie' logged in from 192.168.1.121.
2025-07-18 08:01:37,760 INFO [auth-service] User 'charlie' logged in from 192.168.1.67.
2025-07-18 08:01:37,811 ERROR [payment-service] Service 'data-api' crashed: Segmentation fault.
2025-07-18 08:01:37,852 INFO [payment-service] Service 'auth-service' started successfully.
2025-07-18 08:01:37,921 INFO [user-api] Service 'data-api' started successfully.
2025-07-18 08:01:37,988 INFO [auth-service] User 'alice' logged in from 192.168.1.83.
2025-07-18 08:01:38,023 WARNING [auth-service] Database connection failed: CONN_REFUSED.
2025-07-18 08:01:38,077 INFO [payment-service] Request to /data completed in 203ms.
2025-07-18 08:01:38,114 INFO [auth-service] Request to /users completed in 273ms.
2025-07-18 08:01:38,185 INFO [auth-service] Service 'data-api' started successfully.
2025-07-18 08:01:38,252 WARNING [user-api] Disk space low on /opt/app.
2025-07-18 08:01:38,293 INFO [payment-service] User 'bob' logged in from 192.168.1.179.
2025-07-18 08:01:38,336 INFO [user-api] Request to /users completed in 59ms.
2025-07-18 08:01:38,400 INFO [payment-service] Request to /data completed in 275ms.
2025-07-18 08:01:38,427 INFO [user-api] Request to /status completed in 341ms.
2025-07-18 08:01:38,488 INFO [auth-service] Service 'auth-service' started successfully.
2025-07-18 08:01:38,539 INFO [payment-service] User 'charlie' logged in from 192.168.1.179.
2025-07-18 08:01:38,591 INFO [payment-service] User 'charlie' logged in from 192.168.1.157.
2025-07-18 08:01:38,641 INFO [payment-service] User 'bob' logged in from 192.168.1.152.
2025-07-18 08:01:38,695 ERROR [user-api] Database connection failed: CONN_REFUSED.
2025-07-18 08:01:38,755 INFO [auth-service] Request to /status completed in 369ms.
2025-07-18 08:01:38,794 INFO [user-api] User 'bob' logged in from 192.168.1.31.
2025-07-18 08:01:38,865 INFO [auth-service] User 'bob' logged in from 192.168.1.48.
2025-07-18 08:01:38,933 INFO [auth-service] User 'bob' logged in from 192.168.1.167.
2025-07-18 08:01:38,964 WARNING [payment-service] Service 'db-service' crashed: Segmentation fault.
2025-07-18 08:01:39,023 INFO [auth-service] Request to /users completed in 340ms.
2025-07-18 08:01:39,067 INFO [payment-service] Service 'auth-service' started successfully.
2025-07-18 08:01:39,121 WARNING [payment-service] Disk space low on /opt/app.
2025-07-18 08:01:39,155 INFO [auth-service] Service 'auth-service' started successfully.
2025-07-18 08:01:39,201 WARNING [payment-service] Disk space low on /opt/app.
2025-07-18 08:01:39,253 INFO [inventory-db] User 'alice' logged in from 192.168.1.192.
2025-07-18 08:01:39,314 INFO [inventory-db] Service 'auth-service' started successfully.
2025-07-18 08:01:39,362 INFO [user-api] Request to /users completed in 99ms.
2025-07-18 08:01:39,421 INFO [inventory-db] Service 'auth-service' started successfully.
2025-07-18 08:01:39,461 DEBUG [user-api] Database connection failed: AUTH_FAILED.
2025-07-18 08:01:39,505 INFO [user-api] Request to /data completed in 474ms.
2025-07-18 08:01:39,541 INFO [payment-service] Service 'auth-service' started successfully.
2025-07-18 08:01:39,566 INFO [auth-service] Request to /data completed in 440ms.
2025-07-18 08:01:39,598 INFO [inventory-db] Service 'auth-service' started successfully.
2025-07-18 08:01:39,633 DEBUG [inventory-db] Database connection failed: TIMEOUT.
2025-07-18 08:01:39,684 WARNING [user-api] Database connection failed: AUTH_FAILED.
2025-07-18 08:01:39,734 INFO [auth-service] Request to /data completed in 236ms.
2025-07-18 08:01:39,808 INFO [inventory-db] Request to /data completed in 436ms.
2025-07-18 08:01:39,844 INFO [payment-service] Service 'auth-service' started successfully.
2025-07-18 08:01:39,917 INFO [user-api] User 'alice' logged in from 192.168.1.252.
2025-07-18 08:01:39,973 INFO [payment-service] User 'charlie' logged in from 192.168.1.46.
2025-07-18 08:01:40,008 INFO [payment-service] Service 'auth-service' started successfully.
2025-07-18 08:01:40,053 WARNING [user-api] Service 'data-api' crashed: NullPointerException.
2025-07-18 08:01:40,094 WARNING [auth-service] Service 'db-service' crashed: NullPointerException.
2025-07-18 08:01:40,161 WARNING [inventory-db] Disk space low on /opt/app.
2025-07-18 08:01:40,210 INFO [inventory-db] Service 'auth-service' started successfully.
2025-07-18 08:01:40,244 INFO [auth-service] User 'charlie' logged in from 192.168.1.49.
2025-07-18 08:01:40,283 INFO [user-api] User 'bob' logged in from 192.168.1.229.
2025-07-18 08:01:40,311 INFO [payment-service] Request to /users completed in 448ms.
2025-07-18 08:01:40,376 INFO [auth-service] Service 'data-api' started successfully.
2025-07-18 08:01:40,441 WARNING [payment-service] Service 'data-api' crashed: Segmentation fault.
2025-07-18 08:01:40,488 INFO [user-api] Service 'auth-service' started successfully.
2025-07-18 08:01:40,549 INFO [inventory-db] Service 'data-api' started successfully.
2025-07-18 08:01:40,603 WARNING [payment-service] Disk space low on /var/log.
2025-07-18 08:01:40,667 INFO [user-api] User 'alice' logged in from 192.168.1.77.
2025-07-18 08:01:40,714 DEBUG [payment-service] Disk space low on /var/log.
2025-07-18 08:01:40,753 INFO [auth-service] Request to /users completed in 401ms.
2025-07-18 08:01:40,788 INFO [user-api] Request to /status completed in 267ms.
2025-07-18 08:01:40,817 ERROR [user-api] Disk space low on /var/log.
2025-07-18 08:01:40,865 WARNING [user-api] Disk space low on /var/log.
2025-07-18 08:01:40,916 INFO [payment-service] Service 'data-api' started successfully.
2025-07-18 08:01:40,988 WARNING [auth-service] Service 'data-api' crashed: Segmentation fault.
2025-07-18 08:01:41,018 WARNING [payment-service] Database connection failed: TIMEOUT.
2025-07-18 08:01:41,052 INFO [payment-service] Service 'auth-service' started successfully.
2025-07-18 08:01:41,079 INFO [payment-service] Request to /users completed in 476ms.
2025-07-18 08:01:41,144 INFO [inventory-db] Service 'auth-service' started successfully.
2025-07-18 08:01:41,169 INFO [user-api] Service 'data-api' started successfully.
2025-07-18 08:01:41,199 INFO [payment-service] Service 'auth-service' started successfully.
2025-07-18 08:01:41,261 INFO [inventory-db] Service 'auth-service' started successfully.
2025-07-18 08:01:41,306 DEBUG [inventory-db] Database connection failed: TIMEOUT.
2025-07-18 08:01:41,359 INFO [inventory-db] User 'bob' logged in from 192.168.1.54.
2025-07-18 08:01:41,396 WARNING [payment-service] Service 'data-api' crashed: NullPointerException.
2025-07-18 08:01:41,460 INFO [payment-service] Service 'data-api' started successfully.
2025-07-18 08:01:41,501 INFO [payment-service] Request to /users completed in 62ms.
2025-07-18 08:01:41,554 INFO [auth-service] Request to /status completed in 103ms.
2025-07-18 08:01:41,583 INFO [inventory-db] User 'alice' logged in from 192.168.1.127.
2025-07-18 08:01:41,637 INFO [user-api] Request to /data completed in 152ms.
2025-07-18 08:01:41,710 INFO [auth-service] User 'alice' logged in from 192.168.1.108.
2025-07-18 08:01:41,748 INFO [user-api] User 'charlie' logged in from 192.168.1.129.
2025-07-18 08:01:41,797 INFO [user-api] Request to /data completed in 378ms.
2025-07-18 08:01:41,867 WARNING [user-api] Service 'data-api' crashed: NullPointerException.
2025-07-18 08:01:41,894 INFO [inventory-db] User 'bob' logged in from 192.168.1.195.
2025-07-18 08:01:41,949 DEBUG [inventory-db] Database connection failed: TIMEOUT.
2025-07-18 08:01:41,975 INFO [auth-service] User 'bob' logged in from 192.168.1.147.
2025-07-18 08:01:42,014 INFO [inventory-db] Request to /status completed in 366ms.
2025-07-18 08:01:42,055 INFO [inventory-db] User 'charlie' logged in from 192.168.1.71.
2025-07-18 08:01:42,098 INFO [payment-service] Service 'auth-service' started successfully.
2025-07-18 08:01:42,171 INFO [payment-service] Service 'auth-service' started successfully.
2025-07-18 08:01:42,225 WARNING [auth-service] Database connection failed: AUTH_FAILED.
2025-07-18 08:01:42,289 INFO [payment-service] Service 'auth-service' started successfully.
2025-07-18 08:01:42,349 INFO [user-api] User 'bob' logged in from 192.168.1.115.
2025-07-18 08:01:42,386 ERROR [user-api] Disk space low on /var/log.
2025-07-18 08:01:42,458 INFO [auth-service] Service 'auth-service' started successfully.
2025-07-18 08:01:42,521 INFO [auth-service] Service 'auth-service' started successfully.
2025-07-18 08:01:42,575 INFO [inventory-db] Service 'auth-service' started successfully.
2025-07-18 08:01:42,623 INFO [payment-service] Service 'data-api' started successfully.
2025-07-18 08:01:42,664 WARNING [auth-service] Database connection failed: AUTH_FAILED.
2025-07-18 08:01:42,690 INFO [user-api] User 'charlie' logged in from 192.168.1.173.
2025-07-18 08:01:42,731 WARNING [user-api] Disk space low on /var/log.
2025-07-18 08:01:42,785 INFO [auth-service] Request to /data completed in 183ms.
2025-07-18 08:01:42,848 INFO [auth-service] Service 'data-api' started successfully.
2025-07-18 08:01:42,899 INFO [user-api] Request to /users completed in 239ms.
2025-07-18 08:01:42,931 INFO [user-api] User 'bob' logged in from 192.168.1.182.
2025-07-18 08:01:42,973 WARNING [auth-service] Disk space low on /opt/app.
2025-07-18 08:01:43,046 WARNING [payment-service] Database connection failed: CONN_REFUSED.
2025-07-18 08:01:43,102 INFO [inventory-db] Request to /users completed in 153ms.
2025-07-18 08:01:43,174 INFO [inventory-db] Service 'auth-service' started successfully.
2025-07-18 08:01:43,209 INFO [user-api] User 'charlie' logged in from 192.168.1.241.
2025-07-18 08:01:43,264 WARNING [inventory-db] Service 'db-service' crashed: NullPointerException.
2025-07-18 08:01:43,336 INFO [user-api] Request to /status completed in 454ms.
2025-07-18 08:01:43,411 INFO [user-api] User 'bob' logged in from 192.168.1.71.
2025-07-18 08:01:43,485 INFO [payment-service] Service 'data-api' started successfully.
2025-07-18 08:01:43,542 INFO [user-api] User 'charlie' logged in from 192.168.1.88.
2025-07-18 08:01:43,584 ERROR [auth-service] Service 'db-service' crashed: Segmentation fault.
2025-07-18 08:01:43,659 INFO [inventory-db] Request to /users completed in 401ms.
2025-07-18 08:01:43,700 INFO [auth-service] User 'bob' logged in from 192.168.1.75.
2025-07-18 08:01:43,762 INFO [user-api] Service 'data-api' started successfully.
2025-07-18 08:01:43,800 WARNING [inventory-db] Database connection failed: AUTH_FAILED.
2025-07-18 08:01:43,857 INFO [payment-service] Request to /status completed in 416ms.
2025-07-18 08:01:43,921 INFO [inventory-db] User 'alice' logged in from 192.168.1.185.
2025-07-18 08:01:43,947 INFO [user-api] Request to /users completed in 306ms.
2025-07-18 08:01:43,974 WARNING [auth-service] Service 'data-api' crashed: Segmentation fault.
2025-07-18 08:01:44,030 DEBUG [user-api] Disk space low on /var/log.
2025-07-18 08:01:44,072 WARNING [auth-service] Database connection failed: CONN_REFUSED.
2025-07-18 08:01:44,105 INFO [user-api] Service 'data-api' started successfully.
2025-07-18 08:01:44,159 INFO [payment-service] Request to /users completed in 450ms.
2025-07-18 08:01:44,227 WARNING [inventory-db] Database connection failed: CONN_REFUSED.
2025-07-18 08:01:44,274 INFO [inventory-db] User 'alice' logged in from 192.168.1.38.
2025-07-18 08:01:44,315 WARNING [user-api] Database connection failed: TIMEOUT.
2025-07-18 08:01:44,387 INFO [auth-service] User 'bob' logged in from 192.168.1.114.
2025-07-18 08:01:44,443 WARNING [inventory-db] Database connection failed: TIMEOUT.
2025-07-18 08:01:44,492 INFO [inventory-db] User 'bob' logged in from 192.168.1.167.
2025-07-18 08:01:44,533 INFO [inventory-db] Service 'auth-service' started successfully.
2025-07-18 08:01:44,564 INFO [user-api] Service 'auth-service' started successfully.
2025-07-18 08:01:44,626 INFO [inventory-db] Request to /data completed in 342ms.
2025-07-18 08:01:44,694 WARNING [inventory-db] Disk space low on /opt/app.
2025-07-18 08:01:44,747 INFO [user-api] Request to /status completed in 457ms.
2025-07-18 08:01:44,808 INFO [inventory-db] Request to /status completed in 69ms.
2025-07-18 08:01:44,869 INFO [inventory-db] Service 'auth-service' started successfully.
2025-07-18 08:01:44,898 ERROR [auth-service] Database connection failed: AUTH_FAILED.
2025-07-18 08:01:44,961 INFO [auth-service] Service 'auth-service' started successfully.
2025-07-18 08:01:45,024 INFO [inventory-db] Request to /data completed in 215ms.
2025-07-18 08:01:45,050 INFO [auth-service] Service 'auth-service' started successfully.
2025-07-18 08:01:45,116 INFO [user-api] Service 'auth-service' started successfully.
2025-07-18 08:01:45,144 WARNING [payment-service] Service 'data-api' crashed: Segmentation fault.
2025-07-18 08:01:45,193 INFO [user-api] User 'alice' logged in from 192.168.1.245.
2025-07-18 08:01:45,234 INFO [inventory-db] User 'charlie' logged in from 192.168.1.147.
2025-07-18 08:01:45,289 WARNING [auth-service] Database connection failed: TIMEOUT.
2025-07-18 08:01:45,349 INFO [inventory-db] Service 'data-api' started successfully.
2025-07-18 08:01:45,377 INFO [auth-service] User 'charlie' logged in from 192.168.1.1.
2025-07-18 08:01:45,404 INFO [auth-service] User 'alice' logged in from 192.168.1.117.
2025-07-18 08:01:45,475 INFO [auth-service] User 'alice' logged in from 192.168.1.64.
2025-07-18 08:01:45,545 ERROR [user-api] Database connection failed: AUTH_FAILED.
2025-07-18 08:01:45,603 INFO [user-api] Service 'data-api' started successfully.
2025-07-18 08:01:45,656 INFO [payment-service] User 'bob' logged in from 192.168.1.117.
2025-07-18 08:01:45,723 INFO [user-api] User 'bob' logged in from 192.168.1.18.
2025-07-18 08:01:45,793 ERROR [user-api] Database connection failed: CONN_REFUSED.
2025-07-18 08:01:45,825 INFO [user-api] User 'charlie' logged in from 192.168.1.77.
2025-07-18 08:01:45,880 DEBUG [inventory-db] Service 'auth-service' crashed: Segmentation fault.
2025-07-18 08:01:45,926 INFO [payment-service] Service 'data-api' started successfully.
2025-07-18 08:01:45,970 ERROR [auth-service] Service 'auth-service' crashed: NullPointerException.
2025-07-18 08:01:46,017 ERROR [auth-service] Database connection failed: AUTH_FAILED.
2025-07-18 08:01:46,082 INFO [inventory-db] Service 'auth-service' started successfully.
2025-07-18 08:01:46,122 INFO [payment-service] Request to /users completed in 311ms.
2025-07-18 08:01:46,154 DEBUG [inventory-db] Service 'auth-service' crashed: NullPointerException.
2025-07-18 08:01:46,217 INFO [auth-service] Service 'auth-service' started successfully.
2025-07-18 08:01:46,275 INFO [user-api] Service 'data-api' started successfully.
2025-07-18 08:01:46,325 INFO [auth-service] Service 'data-api' started successfully.
2025-07-18 08:01:46,380 INFO [user-api] Request to /users completed in 97ms.
2025-07-18 08:01:46,449 INFO [auth-service] Request to /status completed in 246ms.
2025-07-18 08:01:46,483 WARNING [auth-service] Disk space low on /opt/app.
2025-07-18 08:01:46,517 INFO [inventory-db] Request to /status completed in 398ms.
2025-07-18 08:01:46,544 INFO [payment-service] Service 'auth-service' started successfully.
2025-07-18 08:01:46,590 INFO [auth-service] User 'alice' logged in from 192.168.1.145.
2025-07-18 08:01:46,659 INFO [auth-service] User 'bob' logged in from 192.168.1.176.
2025-07-18 08:01:46,720 INFO [inventory-db] Service 'data-api' started successfully.
2025-07-18 08:01:46,757 INFO [inventory-db] User 'bob' logged in from 192.168.1.19.
2025-07-18 08:01:46,800 WARNING [payment-service] Disk space low on /opt/app.
2025-07-18 08:01:46,842 WARNING [payment-service] Service 'data-api' crashed: Segmentation fault.
2025-07-18 08:01:46,896 WARNING [inventory-db] Service 'auth-service' crashed: NullPointerException.
2025-07-18 08:01:46,962 INFO [inventory-db] Request to /data completed in 420ms.
2025-07-18 08:01:47,006 INFO [inventory-db] User 'bob' logged in from 192.168.1.61.
2025-07-18 08:01:47,067 INFO [inventory-db] User 'charlie' logged in from 192.168.1.207.
2025-07-18 08:01:47,116 DEBUG [user-api] Disk space low on /var/log.
2025-07-18 08:01:47,188 INFO [user-api] Request to /data completed in 281ms.
2025-07-18 08:01:47,225 INFO [payment-service] Request to /status completed in 206ms.
2025-07-18 08:01:47,288 INFO [auth-service] Request to /status completed in 390ms.
2025-07-18 08:01:47,361 ERROR [inventory-db] Disk space low on /opt/app.
2025-07-18 08:01:47,395 INFO [payment-service] Request to /data completed in 322ms.
2025-07-18 08:01:47,438 INFO [auth-service] Request to /status completed in 449ms.
2025-07-18 08:01:47,513 INFO [user-api] User 'bob' logged in from 192.168.1.31.
2025-07-18 08:01:47,582 INFO [payment-service] Service 'auth-service' started successfully.
2025-07-18 08:01:47,639 INFO [user-api] Request to /status completed in 201ms.
2025-07-18 08:01:47,704 WARNING [inventory-db] Disk space low on /var/log.
2025-07-18 08:01:47,760 INFO [payment-service] Service 'data-api' started successfully.
2025-07-18 08:01:47,798 WARNING [auth-service] Database connection failed: CONN_REFUSED.
2025-07-18 08:01:47,825 INFO [payment-service] Service 'auth-service' started successfully.
2025-07-18 08:01:47,895 INFO [inventory-db] User 'bob' logged in from 192.168.1.18.
2025-07-18 08:01:47,929 INFO [auth-service] User 'alice' logged in from 192.168.1.92.
2025-07-18 08:01:47,966 INFO [payment-service] Request to /data completed in 438ms.
2025-07-18 08:01:48,021 INFO [user-api] Request to /users completed in 454ms.
2025-07-18 08:01:48,063 INFO [auth-service] Service 'data-api' started successfully.
2025-07-18 08:01:48,132 INFO [auth-service] Request to /users completed in 54ms.
2025-07-18 08:01:48,194 WARNING [inventory-db] Database connection failed: CONN_REFUSED.
2025-07-18 08:01:48,256 INFO [payment-service] Service 'data-api' started successfully.
2025-07-18 08:01:48,319 INFO [auth-service] Service 'auth-service' started successfully.
2025-07-18 08:01:48,360 INFO [payment-service] User 'charlie' logged in from 192.168.1.36.
2025-07-18 08:01:48,390 INFO [payment-service] Request to /data completed in 222ms.
2025-07-18 08:01:48,424 WARNING [inventory-db] Database connection failed: CONN_REFUSED.
2025-07-18 08:01:48,498 INFO [inventory-db] User 'bob' logged in from 192.168.1.32.
2025-07-18 08:01:48,542 WARNING [auth-service] Service 'auth-service' crashed: Segmentation fault.
2025-07-18 08:01:48,600 WARNING [payment-service] Disk space low on /opt/app.
2025-07-18 08:01:48,655 INFO [inventory-db] Service 'data-api' started successfully.
2025-07-18 08:01:48,725 ERROR [user-api] Service 'data-api' crashed: Segmentation fault.
2025-07-18 08:01:48,764 WARNING [inventory-db] Service 'db-service' crashed: Segmentation fault.
2025-07-18 08:01:48,805 ERROR [user-api] Disk space low on /var/log.
2025-07-18 08:01:48,848 ERROR [user-api] Service 'data-api' crashed: Segmentation fault.
2025-07-18 08:01:48,922 INFO [user-api] User 'bob' logged in from 192.168.1.201.
2025-07-18 08:01:48,993 WARNING [user-api] Database connection failed: TIMEOUT.
2025-07-18 08:01:49,068 WARNING [inventory-db] Disk space low on /var/log.
2025-07-18 08:01:49,113 INFO [inventory-db] Service 'auth-service' started successfully.
2025-07-18 08:01:49,147 INFO [inventory-db] Service 'auth-service' started successfully.
2025-07-18 08:01:49,204 WARNING [inventory-db] Disk space low on /var/log.
2025-07-18 08:01:49,237 INFO [inventory-db] Request to /data completed in 109ms.
2025-07-18 08:01:49,299 INFO [user-api] User 'alice' logged in from 192.168.1.154.
2025-07-18 08:01:49,363 INFO [payment-service] User 'charlie' logged in from 192.168.1.203.
2025-07-18 08:01:49,416 INFO [payment-service] Request to /status completed in 114ms.
2025-07-18 08:01:49,482 WARNING [inventory-db] Disk space low on /opt/app.
2025-07-18 08:01:49,534 INFO [auth-service] Request to /users completed in 292ms.
2025-07-18 08:01:49,570 INFO [inventory-db] Service 'data-api' started successfully.
2025-07-18 08:01:49,629 INFO [auth-service] User 'alice' logged in from 192.168.1.31.
2025-07-18 08:01:49,658 INFO [inventory-db] Request to /status completed in 495ms.
2025-07-18 08:01:49,683 INFO [inventory-db] Request to /status completed in 322ms.
2025-07-18 08:01:49,739 INFO [payment-service] Request to /users completed in 418ms.
2025-07-18 08:01:49,803 INFO [payment-service] User 'bob' logged in from 192.168.1.3.
2025-07-18 08:01:49,847 WARNING [user-api] Database connection failed: CONN_REFUSED.
2025-07-18 08:01:49,876 INFO [auth-service] Request to /data completed in 136ms.
2025-07-18 08:01:49,949 INFO [user-api] Request to /status completed in 167ms.
2025-07-18 08:01:49,979 ERROR [auth-service] Database connection failed: AUTH_FAILED.
2025-07-18 08:01:50,035 DEBUG [payment-service] Disk space low on /opt/app.
2025-07-18 08:01:50,063 INFO [payment-service] Request to /status completed in 309ms.
2025-07-18 08:01:50,116 ERROR [payment-service] Database connection failed: AUTH_FAILED.
2025-07-18 08:01:50,186 INFO [inventory-db] Service 'auth-service' started successfully.
2025-07-18 08:01:50,228 INFO [auth-service] Request to /status completed in 120ms.
2025-07-18 08:01:50,271 INFO [user-api] User 'alice' logged in from 192.168.1.26.
2025-07-18 08:01:50,326 WARNING [payment-service] Database connection failed: AUTH_FAILED.
2025-07-18 08:01:50,362 ERROR [user-api] Database connection failed: TIMEOUT.
2025-07-18 08:01:50,406 INFO [inventory-db] Request to /data completed in 197ms.
2025-07-18 08:01:50,460 INFO [payment-service] Service 'auth-service' started successfully.
2025-07-18 08:01:50,511 INFO [inventory-db] Service 'data-api' started successfully.
2025-07-18 08:01:50,559 INFO [inventory-db] User 'charlie' logged in from 192.168.1.109.
2025-07-18 08:01:50,630 WARNING [payment-service] Service 'db-service' crashed: Segmentation fault.
2025-07-18 08:01:50,688 ERROR [user-api] Database connection failed: AUTH_FAILED.
2025-07-18 08:01:50,730 INFO [inventory-db] User 'alice' logged in from 192.168.1.72.
2025-07-18 08:01:50,800 ERROR [user-api] Disk space low on /opt/app.
2025-07-18 08:01:50,837 INFO [inventory-db] Service 'data-api' started successfully.
2025-07-18 08:01:50,868 INFO [auth-service] Service 'data-api' started successfully.
2025-07-18 08:01:50,908 WARNING [inventory-db] Service 'data-api' crashed: NullPointerException.
2025-07-18 08:01:50,945 WARNING [inventory-db] Database connection failed: TIMEOUT.
2025-07-18 08:01:50,998 INFO [inventory-db] Service 'auth-service' started successfully.
2025-07-18 08:01:51,046 INFO [inventory-db] Request to /data completed in 143ms.
2025-07-18 08:01:51,099 WARNING [auth-service] Service 'data-api' crashed: Segmentation fault.
2025-07-18 08:01:51,168 INFO [inventory-db] User 'bob' logged in from 192.168.1.210.
2025-07-18 08:01:51,199 WARNING [inventory-db] Disk space low on /opt/app.
2025-07-18 08:01:51,273 INFO [payment-service] User 'alice' logged in from 192.168.1.63.
2025-07-18 08:01:51,307 WARNING [auth-service] Database connection failed: AUTH_FAILED.
2025-07-18 08:01:51,338 INFO [user-api] Service 'data-api' started successfully.
2025-07-18 08:01:51,374 ERROR [inventory-db] Database connection failed: AUTH_FAILED.
2025-07-18 08:01:51,401 INFO [payment-service] Request to /status completed in 85ms.
2025-07-18 08:01:51,470 ERROR [user-api] Disk space low on /var/log.
2025-07-18 08:01:51,513 DEBUG [user-api] Database connection failed: AUTH_FAILED.
2025-07-18 08:01:51,543 INFO [user-api] Service 'auth-service' started successfully.
2025-07-18 08:01:51,570 INFO [payment-service] Service 'auth-service' started successfully.
2025-07-18 08:01:51,632 INFO [inventory-db] Request to /status completed in 427ms.
2025-07-18 08:01:51,671 WARNING [auth-service] Service 'data-api' crashed: NullPointerException.
2025-07-18 08:01:51,725 INFO [auth-service] Service 'auth-service' started successfully.
2025-07-18 08:01:51,769 INFO [inventory-db] User 'charlie' logged in from 192.168.1.80.
2025-07-18 08:01:51,799 INFO [auth-service] User 'bob' logged in from 192.168.1.137.
2025-07-18 08:01:51,834 INFO [auth-service] Request to /users completed in 266ms.
2025-07-18 08:01:51,882 INFO [inventory-db] Request to /status completed in 66ms.
2025-07-18 08:01:51,954 ERROR [user-api] Service 'auth-service' crashed: NullPointerException.
2025-07-18 08:01:52,019 INFO [auth-service] Service 'auth-service' started successfully.
2025-07-18 08:01:52,072 INFO [user-api] User 'alice' logged in from 192.168.1.253.
2025-07-18 08:01:52,102 INFO [inventory-db] Request to /data completed in 426ms.
2025-07-18 08:01:52,130 INFO [user-api] Service 'data-api' started successfully.
2025-07-18 08:01:52,172 WARNING [auth-service] Disk space low on /opt/app.
2025-07-18 08:01:52,231 INFO [auth-service] Request to /data completed in 443ms.
2025-07-18 08:01:52,283 INFO [user-api] Request to /data completed in 391ms.
2025-07-18 08:01:52,341 INFO [inventory-db] Service 'auth-service' started successfully.
2025-07-18 08:01:52,414 ERROR [payment-service] Service 'auth-service' crashed: Segmentation fault.
2025-07-18 08:01:52,465 INFO [user-api] Request to /status completed in 260ms.
2025-07-18 08:01:52,534 WARNING [auth-service] Disk space low on /opt/app.
2025-07-18 08:01:52,607 INFO [payment-service] Request to /status completed in 370ms.
2025-07-18 08:01:52,638 INFO [payment-service] Service 'data-api' started successfully.
2025-07-18 08:01:52,669 INFO [inventory-db] Service 'data-api' started successfully.
2025-07-18 08:01:52,743 INFO [auth-service] Service 'auth-service' started successfully.
2025-07-18 08:01:52,789 ERROR [user-api] Database connection failed: AUTH_FAILED.
2025-07-18 08:01:52,821 INFO [auth-service] User 'charlie' logged in from 192.168.1.251.
2025-07-18 08:01:52,879 ERROR [payment-service] Database connection failed: AUTH_FAILED.
2025-07-18 08:01:52,906 INFO [inventory-db] Request to /users completed in 315ms.
2025-07-18 08:01:52,976 INFO [inventory-db] Service 'data-api' started successfully.
2025-07-18 08:01:53,016 WARNING [user-api] Disk space low on /var/log.
2025-07-18 08:01:53,085 INFO [payment-service] Request to /users completed in 189ms.
2025-07-18 08:01:53,149 INFO [inventory-db] Service 'auth-service' started successfully.
2025-07-18 08:01:53,209 INFO [payment-service] Request to /data completed in 141ms.
2025-07-18 08:01:53,275 INFO [auth-service] Request to /status completed in 272ms.
2025-07-18 08:01:53,337 INFO [inventory-db] Service 'auth-service' started successfully.
2025-07-18 08:01:53,406 WARNING [payment-service] Service 'db-service' crashed: Segmentation fault.
2025-07-18 08:01:53,470 INFO [user-api] Service 'data-api' started successfully.
2025-07-18 08:01:53,506 INFO [payment-service] Request to /data completed in 105ms.
2025-07-18 08:01:53,554 INFO [user-api] Request to /status completed in 447ms.
2025-07-18 08:01:53,581 INFO [user-api] User 'bob' logged in from 192.168.1.243.
2025-07-18 08:01:53,644 WARNING [payment-service] Disk space low on /var/log.
2025-07-18 08:01:53,701 WARNING [payment-service] Service 'db-service' crashed: Segmentation fault.
2025-07-18 08:01:53,768 INFO [inventory-db] Request to /data completed in 395ms.
2025-07-18 08:01:53,801 INFO [user-api] Service 'data-api' started successfully.
2025-07-18 08:01:53,837 INFO [payment-service] Request to /data completed in 322ms.
2025-07-18 08:01:53,881 INFO [payment-service] Service 'auth-service' started successfully.
2025-07-18 08:01:53,947 INFO [auth-service] Request to /data completed in 378ms.
2025-07-18 08:01:54,001 INFO [inventory-db] User 'charlie' logged in from 192.168.1.186.
2025-07-18 08:01:54,032 INFO [payment-service] Request to /users completed in 461ms.
2025-07-18 08:01:54,077 INFO [user-api] Request to /data completed in 235ms.
2025-07-18 08:01:54,108 INFO [payment-service] Request to /data completed in 403ms.
2025-07-18 08:01:54,178 INFO [payment-service] User 'bob' logged in from 192.168.1.61.
2025-07-18 08:01:54,243 INFO [auth-service] Service 'auth-service' started successfully.
2025-07-18 08:01:54,292 INFO [payment-service] User 'alice' logged in from 192.168.1.100.
2025-07-18 08:01:54,349 INFO [inventory-db] Service 'data-api' started successfully.
2025-07-18 08:01:54,410 INFO [payment-service] Service 'data-api' started successfully.
2025-07-18 08:01:54,484 WARNING [auth-service] Service 'data-api' crashed: Segmentation fault.
2025-07-18 08:01:54,515 INFO [auth-service] Service 'data-api' started successfully.
2025-07-18 08:01:54,581 INFO [payment-service] Request to /users completed in 335ms.
2025-07-18 08:01:54,626 WARNING [auth-service] Service 'auth-service' crashed: Segmentation fault.
2025-07-18 08:01:54,671 DEBUG [auth-service] Database connection failed: TIMEOUT.
2025-07-18 08:01:54,723 ERROR [user-api] Service 'db-service' crashed: Segmentation fault.
2025-07-18 08:01:54,797 INFO [auth-service] Request to /users completed in 94ms.
2025-07-18 08:01:54,853 ERROR [auth-service] Database connection failed: CONN_REFUSED.
2025-07-18 08:01:54,898 INFO [payment-service] Request to /users completed in 306ms.
2025-07-18 08:01:54,959 WARNING [payment-service] Database connection failed: CONN_REFUSED.
2025-07-18 08:01:55,018 INFO [auth-service] User 'bob' logged in from 192.168.1.21.
2025-07-18 08:01:55,085 INFO [payment-service] Service 'data-api' started successfully.
2025-07-18 08:01:55,114 INFO [inventory-db] Request to /status completed in 496ms.
2025-07-18 08:01:55,172 INFO [auth-service] Service 'auth-service' started successfully.
2025-07-18 08:01:55,231 INFO [inventory-db] Request to /users completed in 145ms.
2025-07-18 08:01:55,298 INFO [auth-service] User 'charlie' logged in from 192.168.1.145.
2025-07-18 08:01:55,367 INFO [payment-service] User 'alice' logged in from 192.168.1.24.
2025-07-18 08:01:55,428 INFO [inventory-db] Service 'auth-service' started successfully.
2025-07-18 08:01:55,500 INFO [auth-service] Service 'data-api' started successfully.
2025-07-18 08:01:55,532 ERROR [inventory-db] Service 'db-service' crashed: Segmentation fault.
2025-07-18 08:01:55,606 INFO [auth-service] Request to /data completed in 443ms.
2025-07-18 08:01:55,661 INFO [payment-service] Request to /users completed in 281ms.
2025-07-18 08:01:55,721 INFO [payment-service] Request to /data completed in 449ms.
2025-07-18 08:01:55,788 INFO [user-api] Request to /users completed in 496ms.
2025-07-18 08:01:55,847 INFO [user-api] User 'charlie' logged in from 192.168.1.8.
2025-07-18 08:01:55,884 INFO [user-api] Service 'data-api' started successfully.
